<?xml version="1.0" encoding="UTF-8"?>
<!-- Generated by org.testng.reporters.JUnitReportReporter -->
<testsuite hostname="SD" failures="0" tests="10" name="com.users.api.runner.TestRunner" time="3.299" errors="0" timestamp="2023-04-12T09:45:09 PDT" skipped="0">
  <testcase classname="com.users.api.runner.TestRunner" name="runScenario" time="0.347"/>
  <system-out/>
  <testcase classname="com.users.api.runner.TestRunner" name="runScenario" time="2.082"/>
  <system-out/>
  <testcase classname="com.users.api.runner.TestRunner" name="runScenario" time="0.353"/>
  <system-out/>
  <testcase classname="com.users.api.runner.TestRunner" name="runScenario" time="0.195"/>
  <system-out/>
  <testcase classname="com.users.api.runner.TestRunner" name="runScenario" time="0.068"/>
  <system-out/>
  <testcase classname="com.users.api.runner.TestRunner" name="runScenario" time="0.063"/>
  <system-out/>
  <testcase classname="com.users.api.runner.TestRunner" name="runScenario" time="0.067"/>
  <system-out/>
  <testcase classname="com.users.api.runner.TestRunner" name="runScenario" time="0.041"/>
  <system-out/>
  <testcase classname="com.users.api.runner.TestRunner" name="runScenario" time="0.031"/>
  <system-out/>
  <testcase classname="com.users.api.runner.TestRunner" name="runScenario" time="0.052"/>
  <system-out/>
</testsuite> <!-- com.users.api.runner.TestRunner -->
